2024-01-20 23:54:41,111 [INFO] com.coderbd.PostgresDbApplication{main} Starting PostgresDbApplication using Java 17.0.6 with PID 11780 (D:\git\postgres_db\target\classes started by dell in D:\git\postgres_db)
2024-01-20 23:54:41,114 [INFO] com.coderbd.PostgresDbApplication{main} No active profile set, falling back to 1 default profile: "default"
2024-01-20 23:54:41,751 [INFO] org.springframework.data.repository.config.RepositoryConfigurationDelegate{main} Bootstrapping Spring Data JPA repositories in DEFAULT mode.
2024-01-20 23:54:41,808 [INFO] org.springframework.data.repository.config.RepositoryConfigurationDelegate{main} Finished Spring Data repository scanning in 50 ms. Found 1 JPA repository interface.
2024-01-20 23:54:42,249 [INFO] org.springframework.boot.web.embedded.tomcat.TomcatWebServer{main} Tomcat initialized with port 8080 (http)
2024-01-20 23:54:42,259 [INFO] org.apache.catalina.core.StandardService{main} Starting service [Tomcat]
2024-01-20 23:54:42,260 [INFO] org.apache.catalina.core.StandardEngine{main} Starting Servlet engine: [Apache Tomcat/10.1.17]
2024-01-20 23:54:42,312 [INFO] org.apache.catalina.core.ContainerBase.[Tomcat].[localhost].[/]{main} Initializing Spring embedded WebApplicationContext
2024-01-20 23:54:42,313 [INFO] org.springframework.boot.web.servlet.context.ServletWebServerApplicationContext{main} Root WebApplicationContext: initialization completed in 1155 ms
2024-01-20 23:54:42,435 [INFO] org.hibernate.jpa.internal.util.LogHelper{main} HHH000204: Processing PersistenceUnitInfo [name: default]
2024-01-20 23:54:42,491 [INFO] org.hibernate.Version{main} HHH000412: Hibernate ORM core version 6.4.1.Final
2024-01-20 23:54:42,524 [INFO] org.hibernate.cache.internal.RegionFactoryInitiator{main} HHH000026: Second-level cache disabled
2024-01-20 23:54:42,733 [INFO] org.springframework.orm.jpa.persistenceunit.SpringPersistenceUnitInfo{main} No LoadTimeWeaver setup: ignoring JPA class transformer
2024-01-20 23:54:42,765 [INFO] com.zaxxer.hikari.HikariDataSource{main} HikariPool-1 - Starting...
2024-01-20 23:54:42,923 [INFO] com.zaxxer.hikari.pool.HikariPool{main} HikariPool-1 - Added connection org.postgresql.jdbc.PgConnection@4e5c8ef3
2024-01-20 23:54:42,924 [INFO] com.zaxxer.hikari.HikariDataSource{main} HikariPool-1 - Start completed.
2024-01-20 23:54:43,828 [INFO] org.hibernate.engine.transaction.jta.platform.internal.JtaPlatformInitiator{main} HHH000489: No JTA platform available (set 'hibernate.transaction.jta.platform' to enable JTA platform integration)
2024-01-20 23:54:43,877 [INFO] org.springframework.orm.jpa.LocalContainerEntityManagerFactoryBean{main} Initialized JPA EntityManagerFactory for persistence unit 'default'
2024-01-20 23:54:44,098 [WARN] org.springframework.boot.autoconfigure.orm.jpa.JpaBaseConfiguration$JpaWebConfiguration{main} spring.jpa.open-in-view is enabled by default. Therefore, database queries may be performed during view rendering. Explicitly configure spring.jpa.open-in-view to disable this warning
2024-01-20 23:54:44,402 [INFO] org.springframework.boot.web.embedded.tomcat.TomcatWebServer{main} Tomcat started on port 8080 (http) with context path ''
2024-01-20 23:54:44,411 [INFO] com.coderbd.PostgresDbApplication{main} Started PostgresDbApplication in 3.735 seconds (process running for 4.277)
2024-01-20 23:54:55,601 [INFO] org.apache.catalina.core.ContainerBase.[Tomcat].[localhost].[/]{http-nio-8080-exec-1} Initializing Spring DispatcherServlet 'dispatcherServlet'
2024-01-20 23:54:55,602 [INFO] org.springframework.web.servlet.DispatcherServlet{http-nio-8080-exec-1} Initializing Servlet 'dispatcherServlet'
2024-01-20 23:54:55,603 [INFO] org.springframework.web.servlet.DispatcherServlet{http-nio-8080-exec-1} Completed initialization in 1 ms
2024-01-20 23:54:55,630 [ERROR] com.coderbd.controller.CompanyController{http-nio-8080-exec-1} Error Message
2024-01-20 23:57:39,062 [INFO] org.springframework.orm.jpa.LocalContainerEntityManagerFactoryBean{SpringApplicationShutdownHook} Closing JPA EntityManagerFactory for persistence unit 'default'
2024-01-20 23:57:39,070 [INFO] com.zaxxer.hikari.HikariDataSource{SpringApplicationShutdownHook} HikariPool-1 - Shutdown initiated...
2024-01-20 23:57:39,079 [INFO] com.zaxxer.hikari.HikariDataSource{SpringApplicationShutdownHook} HikariPool-1 - Shutdown completed.
